user
[ 1  1  1  1  2  2  2  3  3  3  3  4  4  5  5  5  5  5  6  6  6  6  6  7
  7  8  8  8  9  9  9  9 10 10 10 10 11 11 12 12 12 12 13 13 13 14 14 15
 15 16 16 17 17 17 18 18 18 19 19 19 19 19 20 20 21 21 21 22 22 22 23 23
 24 24 24 25 25 25 26 26 26 27 27 27 27 28 28 28 29 29 29 29 30 30 30 30
 31 31 32 32 32 32]
item
[ 1  8 16 22  4 12 20  5 13 18 23  3 18  1  7 14 17 20  2  6 10 19 22  4
 17  9 12 15  2 11 13 21  1  7 12 15 10 17  7 11 17 22  7 14 20  4 10  2
  6  9 21  2 13 16  7 14 19  3  8 10 13 19 12 20  6  9 16 12 15 19  3 20
  6 11 21  9 15 18  5 12 20  4  9 14 22  4 10 17 11 12 19 21  2  8 16 20
  6 17  4  9 13 23]
rating
[2 4 3 5 1 3 2 2 4 3 5 1 5 2 3 5 2 2 1 4 2 2 1 3 3 1 2 2 5 2 1 3 2 1 5 4 2
 4 3 4 5 4 2 2 2 1 3 1 3 3 1 3 4 3 2 5 5 1 4 4 3 3 2 1 2 4 5 5 4 5 5 3 4 4
 4 2 3 5 3 5 5 4 4 4 4 4 2 2 3 5 3 3 3 4 4 3 5 4 3 3 3 3]
x(user)
32
max(item)
23
max(rating)
5
user.size
102
max(R_test_coo.data)
5
max(R_test_coo.row)
30
max(R_test_coo.col)
22
R_test_coo.data
[2 1 5 5 1 2 1 3 1 5 2 1 1 2 5 3 5 4 3 4]
R_test_coo.row
[ 0  1  2  3  5  7  8  8  9 11 12 13 14 19 21 24 25 27 28 30]
R_test_coo.col
[ 0  3 22 17  1 11 12 20  6 16  6  3  1 11 11 14 11  3 18 16]
test_data
[2. 1. 5. 5. 1. 2. 1. 3. 1. 5.]
test_row
[ 0  1  2  3  5  7  8  8  9 11]
test_col
[ 0  3 22 17  1 11 12 20  6 16]
R_train_coo.data
[4 3 5 3 2 2 4 3 1 2 3 5 2 2 4 2 2 1 3 3 1 2 5 2 2 5 4 2 4 3 4 4 2 2 3 3 3
 1 3 4 3 2 5 5 1 4 4 3 3 1 2 4 5 4 5 5 3 4 4 4 2 5 3 5 4 4 4 4 2 2 3 5 3 3
 4 4 3 5 3 3 3 3]
R_train_coo.row
[ 0  0  0  1  1  2  2  2  3  4  4  4  4  4  5  5  5  5  6  6  7  7  8  8
  9  9  9 10 10 11 11 11 12 12 13 14 15 15 16 16 16 17 17 17 18 18 18 18
 18 19 20 20 20 21 21 22 22 23 23 23 24 24 25 25 26 26 26 26 27 27 28 28
 28 29 29 29 29 30 31 31 31 31]
R_train_coo.col
[ 7 15 21 11 19  4 12 17  2  0  6 13 16 19  5  9 18 21  3 16  8 14  1 10
  0 11 14  9 16  6 10 21 13 19  9  5  8 20  1 12 15  6 13 18  2  7  9 12
 18 19  5  8 15 14 18  2 19  5 10 20  8 17  4 19  3  8 13 21  9 16 10 11
 20  1  7 15 19  5  3  8 12 22]
max(R_train_coo.data)
5
max(R_train_coo.row)
31
max(R_train_coo.col)
22
unique(user).size
32
unique(R_train_coo.row + 1).size
32
unique(item).size
23
unique(R_train_coo.col + 1).size
23
unique(R_test_coo.row + 1).size
19
unique(R_test_coo.col + 1).size
12
R_train_coo.nnz
82
nnz_train
82
R_train_csr.data
[4 3 5 3 2 2 4 3 1 2 3 5 2 2 4 2 2 1 3 3 1 2 5 2 2 5 4 2 4 3 4 4 2 2 3 3 3
 1 3 4 3 2 5 5 1 4 4 3 3 1 2 4 5 4 5 5 3 4 4 4 2 5 3 5 4 4 4 4 2 2 3 5 3 3
 4 4 3 5 3 3 3 3]
R_train_csr.indptr
[ 0  3  5  8  9 14 18 20 22 24 27 29 32 34 35 36 38 41 44 49 50 53 55 57
 60 62 64 68 70 73 77 78 82]
R_train_csr.indices
[ 7 15 21 11 19  4 12 17  2  0  6 13 16 19  5  9 18 21  3 16  8 14  1 10
  0 11 14  9 16  6 10 21 13 19  9  5  8 20  1 12 15  6 13 18  2  7  9 12
 18 19  5  8 15 14 18  2 19  5 10 20  8 17  4 19  3  8 13 21  9 16 10 11
 20  1  7 15 19  5  3  8 12 22]
R_train_csc.data
[2 2 5 3 3 1 1 5 3 4 3 2 3 4 3 2 4 5 3 3 2 4 4 4 1 3 4 2 4 3 2 2 3 4 2 2 4
 4 3 3 5 5 4 4 3 3 5 2 5 4 2 4 4 3 3 5 4 2 3 4 2 3 5 2 5 3 5 2 2 2 1 3 5 3
 1 4 3 5 1 4 4 3]
R_train_csc.indptr
[ 0  2  5  8 11 13 18 21 24 30 35 39 42 46 50 53 57 61 63 67 74 77 81 82]
R_train_csc.indices
[ 4  9  8 16 29  3 18 22  6 26 31  2 25  5 14 20 23 30  4 11 17  0 18 29
  7 15 20 24 26 31  5 10 13 18 27  8 11 23 28  1  9 28  2 16 18 31  4 12
 17 26  7  9 21  0 16 20 29  4  6 10 27  2 24  5 17 18 21  1  4 12 19 22
 25 29 15 23 28  0  5 11 26 31]