user
[ 1  1  1  2  2  2  2  2  2  3  3  3  4  4  5  5  5  5  6  6  6  7  7  8
  8  8  9  9 10 10 10 10 11 12 12 12 12 12 13 13 13 14 14 15 15 15]
item
[ 1  7 12  1  2  4  8 11 13  2  3  9  2  6  4  8 10 12  5  6 13  4 12  3
  7 10  1  5  2  3  6  9 11  1  3  6  8 13  5 10 12  3 12  2  4  9]
rating
[2 3 5 3 5 3 2 1 3 2 1 1 3 5 2 4 2 5 4 5 2 3 2 3 2 2 4 5 5 1 2 4 2 2 5 3 2
 5 2 4 3 5 2 2 4 3]
x(user)
15
max(item)
13
max(rating)
5
user.size
46
max(R_test_coo.data)
5
max(R_test_coo.row)
14
max(R_test_coo.col)
12
R_test_coo.data
[3 5 3 3 2 4 3 4 5 4]
R_test_coo.row
[ 1  1  1  3  7  8 11 12 13 14]
R_test_coo.col
[ 0  1 12  1  9  0  5  9  2  3]
test_data
[3. 5. 3. 3. 2. 4. 3. 4. 5. 4.]
test_row
[ 1  1  1  3  7  8 11 12 13 14]
test_col
[ 0  1 12  1  9  0  5  9  2  3]
R_train_coo.data
[2 3 5 3 2 1 2 1 1 5 2 4 2 5 4 5 2 3 2 3 2 5 5 1 2 4 2 2 5 2 5 2 3 2 2 3]
R_train_coo.row
[ 0  0  0  1  1  1  2  2  2  3  4  4  4  4  5  5  5  6  6  7  7  8  9  9
  9  9 10 11 11 11 11 12 12 13 14 14]
R_train_coo.col
[ 0  6 11  3  7 10  1  2  8  5  3  7  9 11  4  5 12  3 11  2  6  4  1  2
  5  8 10  0  2  7 12  4 11 11  1  8]
max(R_train_coo.data)
5
max(R_train_coo.row)
14
max(R_train_coo.col)
12
unique(user).size
15
unique(R_train_coo.row + 1).size
15
unique(item).size
13
unique(R_train_coo.col + 1).size
13
unique(R_test_coo.row + 1).size
8
unique(R_test_coo.col + 1).size
7
R_train_csr.data
[2 3 5 3 2 1 2 1 1 5 2 4 2 5 4 5 2 3 2 3 2 5 5 1 2 4 2 2 5 2 5 2 3 2 2 3]
R_train_csr.indptr
[ 0  3  6  9 10 14 17 19 21 22 26 27 31 33 34 36]
R_train_csr.indices
[ 0  6 11  3  7 10  1  2  8  5  3  7  9 11  4  5 12  3 11  2  6  4  1  2
  5  8 10  0  2  7 12  4 11 11  1  8]
